<?xml version="1.0" encoding="UTF-8" standalone="no"?><testsuite errors="0" failures="1" name="Logout de usuario" skipped="0" tests="1" time="2.65" timestamp="2025-06-26 06:38:04"><testcase name="Cierre de sesión exitoso"><failure message="&#10;Expected: an element that is visible&#10;     but: no matching element found by [logout button located with: xpath: //button[contains(., 'Cerrar sesión')]]" type="java.lang.AssertionError">
Expected: an element that is visible
     but: no matching element found by [logout button located with: xpath: //button[contains(., 'Cerrar sesión')]]</failure><system-err>
Expected: an element that is visible
     but: no matching element found by [logout button located with: xpath: //button[contains(., 'Cerrar sesión')]]&#13;
co.edu.udea.calidad.ViveMedellinF1.tasks.LogoutTask.performAs(LogoutTask.java:16)&#13;
co.edu.udea.calidad.ViveMedellinF1.stepdefinitions.LogoutStepDefinition.cierroLaSesion(LogoutStepDefinition.java:51)&#13;
worker.org.gradle.process.internal.worker.GradleWorkerMain.run(GradleWorkerMain.java:69)&#13;
worker.org.gradle.process.internal.worker.GradleWorkerMain.main(GradleWorkerMain.java:74)&#13;
</system-err></testcase></testsuite>