<?xml version="1.0" encoding="UTF-8" standalone="no"?><testsuite errors="0" failures="2" name="Funcionalidad de Autenticación" skipped="0" tests="2" time="2.98" timestamp="2025-07-02 02:32:00"><testcase name="Registro de un nuevo usuario de forma exitosa"><failure message="&#10;Expected: an element that is visible&#10;     but: no matching element found by [User name located with: xpath: /html/body/div/div[1]/nav/div[3]/div/div/span]" type="java.lang.AssertionError">
Expected: an element that is visible
     but: no matching element found by [User name located with: xpath: /html/body/div/div[1]/nav/div[3]/div/div/span]</failure><system-err>
Expected: an element that is visible
     but: no matching element found by [User name located with: xpath: /html/body/div/div[1]/nav/div[3]/div/div/span]&#13;
co.edu.udea.calidad.ViveMedellinF1.tasks.RegisterTask.performAs(RegisterTask.java:36)&#13;
co.edu.udea.calidad.ViveMedellinF1.stepdefinitions.AuthenticationStepDefinition.meRegistroConLosDatos(AuthenticationStepDefinition.java:37)&#13;
worker.org.gradle.process.internal.worker.GradleWorkerMain.run(GradleWorkerMain.java:69)&#13;
worker.org.gradle.process.internal.worker.GradleWorkerMain.main(GradleWorkerMain.java:74)&#13;
</system-err></testcase><testcase name="Inicio de sesión de un usuario existente"><failure message="&#10;Expected: &quot;mi_usuario&quot;&#10;     but: was &quot;Test&quot;" type="java.lang.AssertionError">
Expected: "mi_usuario"
     but: was "Test"</failure><system-err>
Expected: "mi_usuario"
     but: was "Test"&#13;
co.edu.udea.calidad.ViveMedellinF1.stepdefinitions.AuthenticationStepDefinition.deberiaVerMiSesionIniciadaEnElHome(AuthenticationStepDefinition.java:54)&#13;
worker.org.gradle.process.internal.worker.GradleWorkerMain.run(GradleWorkerMain.java:69)&#13;
worker.org.gradle.process.internal.worker.GradleWorkerMain.main(GradleWorkerMain.java:74)&#13;
</system-err></testcase></testsuite>